compile error
compile error
compile error
MySQL server has gone away
MySQL server has gone away
MySQL server has gone away
compile error
compile error
[ERROR] A Not allowed system call: runid:1029 CALLID:268 [5]
 TO FIX THIS , ask admin to add the CALLID into corresponding LANG_XXV[] located at okcalls32/64.h ,
and recompile judge_client. 
if you are admin and you don't know what to do ,
chinese explaination can be found on https://zhuanlan.zhihu.com/p/24498599

[ERROR] A Not allowed system call: runid:1041 CALLID:268 [5]
 TO FIX THIS , ask admin to add the CALLID into corresponding LANG_XXV[] located at okcalls32/64.h ,
and recompile judge_client. 
if you are admin and you don't know what to do ,
chinese explaination can be found on https://zhuanlan.zhihu.com/p/24498599

compile error
compile error
[ERROR] A Not allowed system call: runid:1045 CALLID:268 [5]
 TO FIX THIS , ask admin to add the CALLID into corresponding LANG_XXV[] located at okcalls32/64.h ,
and recompile judge_client. 
if you are admin and you don't know what to do ,
chinese explaination can be found on https://zhuanlan.zhihu.com/p/24498599

[ERROR] A Not allowed system call: runid:1045 CALLID:268 [5]
 TO FIX THIS , ask admin to add the CALLID into corresponding LANG_XXV[] located at okcalls32/64.h ,
and recompile judge_client. 
if you are admin and you don't know what to do ,
chinese explaination can be found on https://zhuanlan.zhihu.com/p/24498599

[ERROR] A Not allowed system call: runid:1049 CALLID:268 [5]
 TO FIX THIS , ask admin to add the CALLID into corresponding LANG_XXV[] located at okcalls32/64.h ,
and recompile judge_client. 
if you are admin and you don't know what to do ,
chinese explaination can be found on https://zhuanlan.zhihu.com/p/24498599

[ERROR] A Not allowed system call: runid:1054 CALLID:268 [5]
 TO FIX THIS , ask admin to add the CALLID into corresponding LANG_XXV[] located at okcalls32/64.h ,
and recompile judge_client. 
if you are admin and you don't know what to do ,
chinese explaination can be found on https://zhuanlan.zhihu.com/p/24498599

[ERROR] A Not allowed system call: runid:1057 CALLID:268 [5]
 TO FIX THIS , ask admin to add the CALLID into corresponding LANG_XXV[] located at okcalls32/64.h ,
and recompile judge_client. 
if you are admin and you don't know what to do ,
chinese explaination can be found on https://zhuanlan.zhihu.com/p/24498599

[ERROR] A Not allowed system call: runid:1057 CALLID:268 [5]
 TO FIX THIS , ask admin to add the CALLID into corresponding LANG_XXV[] located at okcalls32/64.h ,
and recompile judge_client. 
if you are admin and you don't know what to do ,
chinese explaination can be found on https://zhuanlan.zhihu.com/p/24498599

[ERROR] A Not allowed system call: runid:1057 CALLID:268 [5]
 TO FIX THIS , ask admin to add the CALLID into corresponding LANG_XXV[] located at okcalls32/64.h ,
and recompile judge_client. 
if you are admin and you don't know what to do ,
chinese explaination can be found on https://zhuanlan.zhihu.com/p/24498599

[ERROR] A Not allowed system call: runid:1057 CALLID:268 [5]
 TO FIX THIS , ask admin to add the CALLID into corresponding LANG_XXV[] located at okcalls32/64.h ,
and recompile judge_client. 
if you are admin and you don't know what to do ,
chinese explaination can be found on https://zhuanlan.zhihu.com/p/24498599

[ERROR] A Not allowed system call: runid:1057 CALLID:268 [5]
 TO FIX THIS , ask admin to add the CALLID into corresponding LANG_XXV[] located at okcalls32/64.h ,
and recompile judge_client. 
if you are admin and you don't know what to do ,
chinese explaination can be found on https://zhuanlan.zhihu.com/p/24498599

[ERROR] A Not allowed system call: runid:1058 CALLID:268 [5]
 TO FIX THIS , ask admin to add the CALLID into corresponding LANG_XXV[] located at okcalls32/64.h ,
and recompile judge_client. 
if you are admin and you don't know what to do ,
chinese explaination can be found on https://zhuanlan.zhihu.com/p/24498599

[ERROR] A Not allowed system call: runid:1058 CALLID:268 [5]
 TO FIX THIS , ask admin to add the CALLID into corresponding LANG_XXV[] located at okcalls32/64.h ,
and recompile judge_client. 
if you are admin and you don't know what to do ,
chinese explaination can be found on https://zhuanlan.zhihu.com/p/24498599

[ERROR] A Not allowed system call: runid:1058 CALLID:268 [5]
 TO FIX THIS , ask admin to add the CALLID into corresponding LANG_XXV[] located at okcalls32/64.h ,
and recompile judge_client. 
if you are admin and you don't know what to do ,
chinese explaination can be found on https://zhuanlan.zhihu.com/p/24498599

[ERROR] A Not allowed system call: runid:1058 CALLID:268 [5]
 TO FIX THIS , ask admin to add the CALLID into corresponding LANG_XXV[] located at okcalls32/64.h ,
and recompile judge_client. 
if you are admin and you don't know what to do ,
chinese explaination can be found on https://zhuanlan.zhihu.com/p/24498599

[ERROR] A Not allowed system call: runid:1060 CALLID:268 [5]
 TO FIX THIS , ask admin to add the CALLID into corresponding LANG_XXV[] located at okcalls32/64.h ,
and recompile judge_client. 
if you are admin and you don't know what to do ,
chinese explaination can be found on https://zhuanlan.zhihu.com/p/24498599

[ERROR] A Not allowed system call: runid:1060 CALLID:268 [5]
 TO FIX THIS , ask admin to add the CALLID into corresponding LANG_XXV[] located at okcalls32/64.h ,
and recompile judge_client. 
if you are admin and you don't know what to do ,
chinese explaination can be found on https://zhuanlan.zhihu.com/p/24498599

[ERROR] A Not allowed system call: runid:1060 CALLID:268 [5]
 TO FIX THIS , ask admin to add the CALLID into corresponding LANG_XXV[] located at okcalls32/64.h ,
and recompile judge_client. 
if you are admin and you don't know what to do ,
chinese explaination can be found on https://zhuanlan.zhihu.com/p/24498599

[ERROR] A Not allowed system call: runid:1061 CALLID:268 [5]
 TO FIX THIS , ask admin to add the CALLID into corresponding LANG_XXV[] located at okcalls32/64.h ,
and recompile judge_client. 
if you are admin and you don't know what to do ,
chinese explaination can be found on https://zhuanlan.zhihu.com/p/24498599

[ERROR] A Not allowed system call: runid:1061 CALLID:268 [5]
 TO FIX THIS , ask admin to add the CALLID into corresponding LANG_XXV[] located at okcalls32/64.h ,
and recompile judge_client. 
if you are admin and you don't know what to do ,
chinese explaination can be found on https://zhuanlan.zhihu.com/p/24498599

[ERROR] A Not allowed system call: runid:1061 CALLID:268 [5]
 TO FIX THIS , ask admin to add the CALLID into corresponding LANG_XXV[] located at okcalls32/64.h ,
and recompile judge_client. 
if you are admin and you don't know what to do ,
chinese explaination can be found on https://zhuanlan.zhihu.com/p/24498599

[ERROR] A Not allowed system call: runid:1062 CALLID:268 [5]
 TO FIX THIS , ask admin to add the CALLID into corresponding LANG_XXV[] located at okcalls32/64.h ,
and recompile judge_client. 
if you are admin and you don't know what to do ,
chinese explaination can be found on https://zhuanlan.zhihu.com/p/24498599

[ERROR] A Not allowed system call: runid:1063 CALLID:268 [5]
 TO FIX THIS , ask admin to add the CALLID into corresponding LANG_XXV[] located at okcalls32/64.h ,
and recompile judge_client. 
if you are admin and you don't know what to do ,
chinese explaination can be found on https://zhuanlan.zhihu.com/p/24498599

[ERROR] A Not allowed system call: runid:1064 CALLID:268 [5]
 TO FIX THIS , ask admin to add the CALLID into corresponding LANG_XXV[] located at okcalls32/64.h ,
and recompile judge_client. 
if you are admin and you don't know what to do ,
chinese explaination can be found on https://zhuanlan.zhihu.com/p/24498599

[ERROR] A Not allowed system call: runid:1064 CALLID:268 [5]
 TO FIX THIS , ask admin to add the CALLID into corresponding LANG_XXV[] located at okcalls32/64.h ,
and recompile judge_client. 
if you are admin and you don't know what to do ,
chinese explaination can be found on https://zhuanlan.zhihu.com/p/24498599

[ERROR] A Not allowed system call: runid:1064 CALLID:268 [5]
 TO FIX THIS , ask admin to add the CALLID into corresponding LANG_XXV[] located at okcalls32/64.h ,
and recompile judge_client. 
if you are admin and you don't know what to do ,
chinese explaination can be found on https://zhuanlan.zhihu.com/p/24498599

[ERROR] A Not allowed system call: runid:1064 CALLID:268 [5]
 TO FIX THIS , ask admin to add the CALLID into corresponding LANG_XXV[] located at okcalls32/64.h ,
and recompile judge_client. 
if you are admin and you don't know what to do ,
chinese explaination can be found on https://zhuanlan.zhihu.com/p/24498599

[ERROR] A Not allowed system call: runid:1064 CALLID:268 [5]
 TO FIX THIS , ask admin to add the CALLID into corresponding LANG_XXV[] located at okcalls32/64.h ,
and recompile judge_client. 
if you are admin and you don't know what to do ,
chinese explaination can be found on https://zhuanlan.zhihu.com/p/24498599

compile error
compile error
MySQL server has gone away
MySQL server has gone away
MySQL server has gone away
compile error
compile error
[ERROR] A Not allowed system call: runid:1091 CALLID:268 [5]
 TO FIX THIS , ask admin to add the CALLID into corresponding LANG_XXV[] located at okcalls32/64.h ,
and recompile judge_client. 
if you are admin and you don't know what to do ,
chinese explaination can be found on https://zhuanlan.zhihu.com/p/24498599

compile error
compile error
[ERROR] A Not allowed system call: runid:1109 CALLID:268 [5]
 TO FIX THIS , ask admin to add the CALLID into corresponding LANG_XXV[] located at okcalls32/64.h ,
and recompile judge_client. 
if you are admin and you don't know what to do ,
chinese explaination can be found on https://zhuanlan.zhihu.com/p/24498599

